This is pdfTeX, Version 3.14159265-2.6-1.40.16 (MiKTeX 2.9) (preloaded format=pdflatex 2016.5.14)  6 JUL 2016 21:38
entering extended mode
**./Bachelorarbeit_Paul_Zilewitsch.tex
(Bachelorarbeit_Paul_Zilewitsch.tex
LaTeX2e <2015/10/01> patch level 2
Babel <3.9n> and hyphenation patterns for 69 languages loaded.
(F:\Texmaker\mitex\tex\latex\koma-script\scrartcl.cls
Document Class: scrartcl 2015/10/03 v3.19a KOMA-Script document class (article)

(F:\Texmaker\mitex\tex\latex\koma-script\scrkbase.sty
Package: scrkbase 2015/10/03 v3.19a KOMA-Script package (KOMA-Script-dependent 
basics and keyval usage)

(F:\Texmaker\mitex\tex\latex\koma-script\scrbase.sty
Package: scrbase 2015/10/03 v3.19a KOMA-Script package (KOMA-Script-independent
 basics and keyval usage)

(F:\Texmaker\mitex\tex\latex\graphics\keyval.sty
Package: keyval 2014/10/28 v1.15 key=value parser (DPC)
\KV@toks@=\toks14
)
(F:\Texmaker\mitex\tex\latex\koma-script\scrlfile.sty
Package: scrlfile 2015/10/03 v3.19a KOMA-Script package (loading files)

Package scrlfile, 2015/10/03 v3.19a KOMA-Script package (loading files)
                  Copyright (C) Markus Kohm

))) (F:\Texmaker\mitex\tex\latex\koma-script\tocbasic.sty
Package: tocbasic 2015/10/03 v3.19a KOMA-Script package (handling toc-files)
)
Package tocbasic Info: omitting babel extension for `toc'
(tocbasic)             because of feature `nobabel' available
(tocbasic)             for `toc' on input line 123.
Package tocbasic Info: omitting babel extension for `lof'
(tocbasic)             because of feature `nobabel' available
(tocbasic)             for `lof' on input line 124.
Package tocbasic Info: omitting babel extension for `lot'
(tocbasic)             because of feature `nobabel' available
(tocbasic)             for `lot' on input line 125.
Class scrartcl Info: File `scrsize12pt.clo' used to setup font sizes on input l
ine 2033.

(F:\Texmaker\mitex\tex\latex\koma-script\scrsize12pt.clo
File: scrsize12pt.clo 2015/10/03 v3.19a KOMA-Script font size class option (12p
t)
)
(F:\Texmaker\mitex\tex\latex\koma-script\typearea.sty
Package: typearea 2015/10/03 v3.19a KOMA-Script package (type area)

Package typearea, 2015/10/03 v3.19a KOMA-Script package (type area)
                  Copyright (C) Frank Neukam, 1992-1994
                  Copyright (C) Markus Kohm, 1994-

\ta@bcor=\skip41
\ta@div=\count79
\ta@hblk=\skip42
\ta@vblk=\skip43
\ta@temp=\skip44
\footheight=\skip45
Package typearea Info: These are the values describing the layout:
(typearea)             DIV  = 12
(typearea)             BCOR = 0.0pt
(typearea)             \paperwidth      = 597.50793pt
(typearea)              \textwidth      = 448.13095pt
(typearea)              DIV departure   = -6%
(typearea)              \evensidemargin = 2.4185pt
(typearea)              \oddsidemargin  = 2.4185pt
(typearea)             \paperheight     = 845.04694pt
(typearea)              \textheight     = 635.5pt
(typearea)              \topmargin      = -41.72441pt
(typearea)              \headheight     = 18.125pt
(typearea)              \headsep        = 21.75pt
(typearea)              \topskip        = 12.0pt
(typearea)              \footskip       = 50.75pt
(typearea)              \baselineskip   = 14.5pt
(typearea)              on input line 1509.
)
\c@part=\count80
\c@section=\count81
\c@subsection=\count82
\c@subsubsection=\count83
\c@paragraph=\count84
\c@subparagraph=\count85
LaTeX Info: Redefining \textsubscript on input line 3906.
\abovecaptionskip=\skip46
\belowcaptionskip=\skip47
\c@pti@nb@sid@b@x=\box26
\c@figure=\count86
\c@table=\count87
\bibindent=\dimen102
) (Settings/Settings.tex (F:\Texmaker\mitex\tex\latex\comment\comment.sty
\CommentStream=\write3

Excluding comment 'comment') (F:\Texmaker\mitex\tex\latex\amsmath\amsmath.sty
Package: amsmath 2013/01/14 v2.14 AMS math features
\@mathmargin=\skip48

For additional information on amsmath, use the `?' option.
(F:\Texmaker\mitex\tex\latex\amsmath\amstext.sty
Package: amstext 2000/06/29 v2.01

(F:\Texmaker\mitex\tex\latex\amsmath\amsgen.sty
File: amsgen.sty 1999/11/30 v2.0
\@emptytoks=\toks15
\ex@=\dimen103
))
(F:\Texmaker\mitex\tex\latex\amsmath\amsbsy.sty
Package: amsbsy 1999/11/29 v1.2d
\pmbraise@=\dimen104
)
(F:\Texmaker\mitex\tex\latex\amsmath\amsopn.sty
Package: amsopn 1999/12/14 v2.01 operator names
)
\inf@bad=\count88
LaTeX Info: Redefining \frac on input line 210.
\uproot@=\count89
\leftroot@=\count90
LaTeX Info: Redefining \overline on input line 306.
\classnum@=\count91
\DOTSCASE@=\count92
LaTeX Info: Redefining \ldots on input line 378.
LaTeX Info: Redefining \dots on input line 381.
LaTeX Info: Redefining \cdots on input line 466.
\Mathstrutbox@=\box27
\strutbox@=\box28
\big@size=\dimen105
LaTeX Font Info:    Redeclaring font encoding OML on input line 566.
LaTeX Font Info:    Redeclaring font encoding OMS on input line 567.
\macc@depth=\count93
\c@MaxMatrixCols=\count94
\dotsspace@=\muskip10
\c@parentequation=\count95
\dspbrk@lvl=\count96
\tag@help=\toks16
\row@=\count97
\column@=\count98
\maxfields@=\count99
\andhelp@=\toks17
\eqnshift@=\dimen106
\alignsep@=\dimen107
\tagshift@=\dimen108
\tagwidth@=\dimen109
\totwidth@=\dimen110
\lineht@=\dimen111
\@envbody=\toks18
\multlinegap=\skip49
\multlinetaggap=\skip50
\mathdisplay@stack=\toks19
LaTeX Info: Redefining \[ on input line 2665.
LaTeX Info: Redefining \] on input line 2666.
)
(F:\Texmaker\mitex\tex\latex\amsfonts\amssymb.sty
Package: amssymb 2013/01/14 v3.01 AMS font symbols

(F:\Texmaker\mitex\tex\latex\amsfonts\amsfonts.sty
Package: amsfonts 2013/01/14 v3.01 Basic AMSFonts support
\symAMSa=\mathgroup4
\symAMSb=\mathgroup5
LaTeX Font Info:    Overwriting math alphabet `\mathfrak' in version `bold'
(Font)                  U/euf/m/n --> U/euf/b/n on input line 106.
))
(F:\Texmaker\mitex\tex\latex\url\url.sty
\Urlmuskip=\muskip11
Package: url 2013/09/16  ver 3.4  Verb mode for urls, etc.
)
(F:\Texmaker\mitex\tex\latex\pdfpages\pdfpages.sty
Package: pdfpages 2016/04/19 v0.5f Insert pages of external PDF documents (AM)

(F:\Texmaker\mitex\tex\latex\base\ifthen.sty
Package: ifthen 2014/09/29 v1.1c Standard LaTeX ifthen package (DPC)
)
(F:\Texmaker\mitex\tex\latex\tools\calc.sty
Package: calc 2014/10/28 v4.3 Infix arithmetic (KKT,FJ)
\calc@Acount=\count100
\calc@Bcount=\count101
\calc@Adimen=\dimen112
\calc@Bdimen=\dimen113
\calc@Askip=\skip51
\calc@Bskip=\skip52
LaTeX Info: Redefining \setlength on input line 80.
LaTeX Info: Redefining \addtolength on input line 81.
\calc@Ccount=\count102
\calc@Cskip=\skip53
)
(F:\Texmaker\mitex\tex\latex\eso-pic\eso-pic.sty
Package: eso-pic 2015/07/21 v2.0g eso-pic (RN)

(F:\Texmaker\mitex\tex\generic\oberdiek\atbegshi.sty
Package: atbegshi 2011/10/05 v1.16 At begin shipout hook (HO)

(F:\Texmaker\mitex\tex\generic\oberdiek\infwarerr.sty
Package: infwarerr 2010/04/08 v1.3 Providing info/warning/error messages (HO)
)
(F:\Texmaker\mitex\tex\generic\oberdiek\ltxcmds.sty
Package: ltxcmds 2011/11/09 v1.22 LaTeX kernel commands for general use (HO)
)
(F:\Texmaker\mitex\tex\generic\oberdiek\ifpdf.sty
Package: ifpdf 2011/01/30 v2.3 Provides the ifpdf switch (HO)
Package ifpdf Info: pdfTeX in PDF mode is detected.
))
(F:\Texmaker\mitex\tex\latex\xcolor\xcolor.sty
Package: xcolor 2016/05/11 v2.12 LaTeX color extensions (UK)

(F:\Texmaker\mitex\tex\latex\00miktex\color.cfg
File: color.cfg 2007/01/18 v1.5 color configuration of teTeX/TeXLive
)
Package xcolor Info: Driver file: pdftex.def on input line 225.

(F:\Texmaker\mitex\tex\latex\pdftex-def\pdftex.def
File: pdftex.def 2011/05/27 v0.06d Graphics/color for pdfTeX
\Gread@gobject=\count103
)
Package xcolor Info: Model `cmy' substituted by `cmy0' on input line 1348.
Package xcolor Info: Model `hsb' substituted by `rgb' on input line 1352.
Package xcolor Info: Model `RGB' extended on input line 1364.
Package xcolor Info: Model `HTML' substituted by `rgb' on input line 1366.
Package xcolor Info: Model `Hsb' substituted by `hsb' on input line 1367.
Package xcolor Info: Model `tHsb' substituted by `hsb' on input line 1368.
Package xcolor Info: Model `HSB' substituted by `hsb' on input line 1369.
Package xcolor Info: Model `Gray' substituted by `gray' on input line 1370.
Package xcolor Info: Model `wave' substituted by `hsb' on input line 1371.
))
(F:\Texmaker\mitex\tex\latex\graphics\graphicx.sty
Package: graphicx 2014/10/28 v1.0g Enhanced LaTeX Graphics (DPC,SPQR)

(F:\Texmaker\mitex\tex\latex\graphics\graphics.sty
Package: graphics 2014/10/28 v1.0p Standard LaTeX Graphics (DPC,SPQR)

(F:\Texmaker\mitex\tex\latex\graphics\trig.sty
Package: trig 1999/03/16 v1.09 sin cos tan (DPC)
)
(F:\Texmaker\mitex\tex\latex\00miktex\graphics.cfg
File: graphics.cfg 2007/01/18 v1.5 graphics configuration of teTeX/TeXLive
)
Package graphics Info: Driver file: pdftex.def on input line 94.
)
\Gin@req@height=\dimen114
\Gin@req@width=\dimen115
)
\AM@pagewidth=\dimen116
\AM@pageheight=\dimen117

(F:\Texmaker\mitex\tex\latex\pdfpages\pppdftex.def
File: pppdftex.def 2016/04/19 v0.5f Pdfpages driver for pdfTeX (AM)
)
\AM@pagebox=\box29
\AM@global@opts=\toks20
\AM@toc@title=\toks21
\c@AM@survey=\count104
\AM@templatesizebox=\box30
)
(F:\Texmaker\mitex\tex\latex\tools\tabularx.sty
Package: tabularx 2014/10/28 v2.10 `tabularx' package (DPC)

(F:\Texmaker\mitex\tex\latex\tools\array.sty
Package: array 2014/10/28 v2.4c Tabular extension package (FMi)
\col@sep=\dimen118
\extrarowheight=\dimen119
\NC@list=\toks22
\extratabsurround=\skip54
\backup@length=\skip55
)
\TX@col@width=\dimen120
\TX@old@table=\dimen121
\TX@old@col=\dimen122
\TX@target=\dimen123
\TX@delta=\dimen124
\TX@cols=\count105
\TX@ftn=\toks23
)
(F:\Texmaker\mitex\tex\latex\booktabs\booktabs.sty
Package: booktabs 2005/04/14 v1.61803 publication quality tables
\heavyrulewidth=\dimen125
\lightrulewidth=\dimen126
\cmidrulewidth=\dimen127
\belowrulesep=\dimen128
\belowbottomsep=\dimen129
\aboverulesep=\dimen130
\abovetopsep=\dimen131
\cmidrulesep=\dimen132
\cmidrulekern=\dimen133
\defaultaddspace=\dimen134
\@cmidla=\count106
\@cmidlb=\count107
\@aboverulesep=\dimen135
\@belowrulesep=\dimen136
\@thisruleclass=\count108
\@lastruleclass=\count109
\@thisrulewidth=\dimen137
)
(F:\Texmaker\mitex\tex\latex\hyperref\nameref.sty
Package: nameref 2012/10/27 v2.43 Cross-referencing by name of section

(F:\Texmaker\mitex\tex\latex\oberdiek\refcount.sty
Package: refcount 2011/10/16 v3.4 Data extraction from label references (HO)
)
(F:\Texmaker\mitex\tex\generic\oberdiek\gettitlestring.sty
Package: gettitlestring 2010/12/03 v1.4 Cleanup title references (HO)

(F:\Texmaker\mitex\tex\latex\oberdiek\kvoptions.sty
Package: kvoptions 2011/06/30 v3.11 Key value format for package options (HO)

(F:\Texmaker\mitex\tex\generic\oberdiek\kvsetkeys.sty
Package: kvsetkeys 2012/04/25 v1.16 Key value parser (HO)

(F:\Texmaker\mitex\tex\generic\oberdiek\etexcmds.sty
Package: etexcmds 2011/02/16 v1.5 Avoid name clashes with e-TeX commands (HO)

(F:\Texmaker\mitex\tex\generic\oberdiek\ifluatex.sty
Package: ifluatex 2010/03/01 v1.3 Provides the ifluatex switch (HO)
Package ifluatex Info: LuaTeX not detected.
)
Package etexcmds Info: Could not find \expanded.
(etexcmds)             That can mean that you are not using pdfTeX 1.50 or
(etexcmds)             that some package has redefined \expanded.
(etexcmds)             In the latter case, load this package earlier.
))))
\c@section@level=\count110
LaTeX Info: Redefining \ref on input line 353.
LaTeX Info: Redefining \pageref on input line 353.
)
(F:\Texmaker\mitex\tex\latex\caption\caption.sty
Package: caption 2016/02/21 v3.3-144 Customizing captions (AR)

(F:\Texmaker\mitex\tex\latex\caption\caption3.sty
Package: caption3 2016/05/22 v1.7-166 caption3 kernel (AR)
Package caption3 Info: TeX engine: e-TeX on input line 67.
\captionmargin=\dimen138
\captionmargin@=\dimen139
\captionwidth=\dimen140
\caption@tempdima=\dimen141
\caption@indent=\dimen142
\caption@parindent=\dimen143
\caption@hangindent=\dimen144
)
Package caption Info: KOMA-Script document class.
\c@ContinuedFloat=\count111
)
(F:\Texmaker\mitex\tex\generic\babel\babel.sty
Package: babel 2016/01/08 3.9n The Babel package

*************************************
* Local config file bblopts.cfg used
*
(F:\Texmaker\mitex\tex\latex\00miktex\bblopts.cfg
File: bblopts.cfg 2006/07/31 v1.0 MiKTeX 'babel' configuration
)
(F:\Texmaker\mitex\tex\latex\babel-german\ngerman.ldf
Language: ngerman 2013/12/13 v2.7 German support for babel (new orthography)

(F:\Texmaker\mitex\tex\latex\babel-german\ngermanb.ldf
Language: ngermanb 2013/12/13 v2.7 German support for babel (new orthography)

(F:\Texmaker\mitex\tex\generic\babel\babel.def
File: babel.def 2016/01/08 3.9n Babel common definitions
\babel@savecnt=\count112
\U@D=\dimen145
)
\l@naustrian = a dialect from \language\l@ngerman 
\l@nswissgerman = a dialect from \language\l@ngerman 
Package babel Info: Making " an active character on input line 88.
)))
(F:\Texmaker\mitex\tex\latex\base\fontenc.sty
Package: fontenc 2005/09/27 v1.99g Standard LaTeX package

(F:\Texmaker\mitex\tex\latex\base\t1enc.def
File: t1enc.def 2005/09/27 v1.99g Standard LaTeX file
LaTeX Font Info:    Redeclaring font encoding T1 on input line 48.
))
(F:\Texmaker\mitex\tex\latex\inconsolata\inconsolata.sty
Package: inconsolata 2016/02/22 v1.10

`inconsolata-zi4' v1.10, 2016/02/22 Text macros for Inconsolata (msharpe)
(F:\Texmaker\mitex\tex\latex\base\textcomp.sty
Package: textcomp 2005/09/27 v1.99g Standard LaTeX package
Package textcomp Info: Sub-encoding information:
(textcomp)               5 = only ISO-Adobe without \textcurrency
(textcomp)               4 = 5 + \texteuro
(textcomp)               3 = 4 + \textohm
(textcomp)               2 = 3 + \textestimated + \textcurrency
(textcomp)               1 = TS1 - \textcircled - \t
(textcomp)               0 = TS1 (full)
(textcomp)             Font families with sub-encoding setting implement
(textcomp)             only a restricted character set as indicated.
(textcomp)             Family '?' is the default used for unknown fonts.
(textcomp)             See the documentation for details.
Package textcomp Info: Setting ? sub-encoding to TS1/1 on input line 79.

(F:\Texmaker\mitex\tex\latex\base\ts1enc.def
File: ts1enc.def 2001/06/05 v3.0e (jk/car/fm) Standard LaTeX file
)
LaTeX Info: Redefining \oldstylenums on input line 334.
Package textcomp Info: Setting cmr sub-encoding to TS1/0 on input line 349.
Package textcomp Info: Setting cmss sub-encoding to TS1/0 on input line 350.
Package textcomp Info: Setting cmtt sub-encoding to TS1/0 on input line 351.
Package textcomp Info: Setting cmvtt sub-encoding to TS1/0 on input line 352.
Package textcomp Info: Setting cmbr sub-encoding to TS1/0 on input line 353.
Package textcomp Info: Setting cmtl sub-encoding to TS1/0 on input line 354.
Package textcomp Info: Setting ccr sub-encoding to TS1/0 on input line 355.
Package textcomp Info: Setting ptm sub-encoding to TS1/4 on input line 356.
Package textcomp Info: Setting pcr sub-encoding to TS1/4 on input line 357.
Package textcomp Info: Setting phv sub-encoding to TS1/4 on input line 358.
Package textcomp Info: Setting ppl sub-encoding to TS1/3 on input line 359.
Package textcomp Info: Setting pag sub-encoding to TS1/4 on input line 360.
Package textcomp Info: Setting pbk sub-encoding to TS1/4 on input line 361.
Package textcomp Info: Setting pnc sub-encoding to TS1/4 on input line 362.
Package textcomp Info: Setting pzc sub-encoding to TS1/4 on input line 363.
Package textcomp Info: Setting bch sub-encoding to TS1/4 on input line 364.
Package textcomp Info: Setting put sub-encoding to TS1/5 on input line 365.
Package textcomp Info: Setting uag sub-encoding to TS1/5 on input line 366.
Package textcomp Info: Setting ugq sub-encoding to TS1/5 on input line 367.
Package textcomp Info: Setting ul8 sub-encoding to TS1/4 on input line 368.
Package textcomp Info: Setting ul9 sub-encoding to TS1/4 on input line 369.
Package textcomp Info: Setting augie sub-encoding to TS1/5 on input line 370.
Package textcomp Info: Setting dayrom sub-encoding to TS1/3 on input line 371.
Package textcomp Info: Setting dayroms sub-encoding to TS1/3 on input line 372.

Package textcomp Info: Setting pxr sub-encoding to TS1/0 on input line 373.
Package textcomp Info: Setting pxss sub-encoding to TS1/0 on input line 374.
Package textcomp Info: Setting pxtt sub-encoding to TS1/0 on input line 375.
Package textcomp Info: Setting txr sub-encoding to TS1/0 on input line 376.
Package textcomp Info: Setting txss sub-encoding to TS1/0 on input line 377.
Package textcomp Info: Setting txtt sub-encoding to TS1/0 on input line 378.
Package textcomp Info: Setting lmr sub-encoding to TS1/0 on input line 379.
Package textcomp Info: Setting lmdh sub-encoding to TS1/0 on input line 380.
Package textcomp Info: Setting lmss sub-encoding to TS1/0 on input line 381.
Package textcomp Info: Setting lmssq sub-encoding to TS1/0 on input line 382.
Package textcomp Info: Setting lmvtt sub-encoding to TS1/0 on input line 383.
Package textcomp Info: Setting lmtt sub-encoding to TS1/0 on input line 384.
Package textcomp Info: Setting qhv sub-encoding to TS1/0 on input line 385.
Package textcomp Info: Setting qag sub-encoding to TS1/0 on input line 386.
Package textcomp Info: Setting qbk sub-encoding to TS1/0 on input line 387.
Package textcomp Info: Setting qcr sub-encoding to TS1/0 on input line 388.
Package textcomp Info: Setting qcs sub-encoding to TS1/0 on input line 389.
Package textcomp Info: Setting qpl sub-encoding to TS1/0 on input line 390.
Package textcomp Info: Setting qtm sub-encoding to TS1/0 on input line 391.
Package textcomp Info: Setting qzc sub-encoding to TS1/0 on input line 392.
Package textcomp Info: Setting qhvc sub-encoding to TS1/0 on input line 393.
Package textcomp Info: Setting futs sub-encoding to TS1/4 on input line 394.
Package textcomp Info: Setting futx sub-encoding to TS1/4 on input line 395.
Package textcomp Info: Setting futj sub-encoding to TS1/4 on input line 396.
Package textcomp Info: Setting hlh sub-encoding to TS1/3 on input line 397.
Package textcomp Info: Setting hls sub-encoding to TS1/3 on input line 398.
Package textcomp Info: Setting hlst sub-encoding to TS1/3 on input line 399.
Package textcomp Info: Setting hlct sub-encoding to TS1/5 on input line 400.
Package textcomp Info: Setting hlx sub-encoding to TS1/5 on input line 401.
Package textcomp Info: Setting hlce sub-encoding to TS1/5 on input line 402.
Package textcomp Info: Setting hlcn sub-encoding to TS1/5 on input line 403.
Package textcomp Info: Setting hlcw sub-encoding to TS1/5 on input line 404.
Package textcomp Info: Setting hlcf sub-encoding to TS1/5 on input line 405.
Package textcomp Info: Setting pplx sub-encoding to TS1/3 on input line 406.
Package textcomp Info: Setting pplj sub-encoding to TS1/3 on input line 407.
Package textcomp Info: Setting ptmx sub-encoding to TS1/4 on input line 408.
Package textcomp Info: Setting ptmj sub-encoding to TS1/4 on input line 409.
)
\zifour@ocount=\count113
)
(F:\Texmaker\mitex\tex\latex\base\inputenc.sty
Package: inputenc 2015/03/17 v1.2c Input encoding file
\inpenc@prehook=\toks24
\inpenc@posthook=\toks25

(F:\Texmaker\mitex\tex\latex\base\utf8.def
File: utf8.def 2015/09/07 v1.1p UTF-8 support for inputenc
Now handling font encoding OML ...
... no UTF-8 mapping file for font encoding OML
Now handling font encoding T1 ...
... processing UTF-8 mapping file for font encoding T1

(F:\Texmaker\mitex\tex\latex\base\t1enc.dfu
File: t1enc.dfu 2015/09/07 v1.1p UTF-8 support for inputenc
   defining Unicode char U+00A0 (decimal 160)
   defining Unicode char U+00A1 (decimal 161)
   defining Unicode char U+00A3 (decimal 163)
   defining Unicode char U+00AB (decimal 171)
   defining Unicode char U+00AD (decimal 173)
   defining Unicode char U+00BB (decimal 187)
   defining Unicode char U+00BF (decimal 191)
   defining Unicode char U+00C0 (decimal 192)
   defining Unicode char U+00C1 (decimal 193)
   defining Unicode char U+00C2 (decimal 194)
   defining Unicode char U+00C3 (decimal 195)
   defining Unicode char U+00C4 (decimal 196)
   defining Unicode char U+00C5 (decimal 197)
   defining Unicode char U+00C6 (decimal 198)
   defining Unicode char U+00C7 (decimal 199)
   defining Unicode char U+00C8 (decimal 200)
   defining Unicode char U+00C9 (decimal 201)
   defining Unicode char U+00CA (decimal 202)
   defining Unicode char U+00CB (decimal 203)
   defining Unicode char U+00CC (decimal 204)
   defining Unicode char U+00CD (decimal 205)
   defining Unicode char U+00CE (decimal 206)
   defining Unicode char U+00CF (decimal 207)
   defining Unicode char U+00D0 (decimal 208)
   defining Unicode char U+00D1 (decimal 209)
   defining Unicode char U+00D2 (decimal 210)
   defining Unicode char U+00D3 (decimal 211)
   defining Unicode char U+00D4 (decimal 212)
   defining Unicode char U+00D5 (decimal 213)
   defining Unicode char U+00D6 (decimal 214)
   defining Unicode char U+00D8 (decimal 216)
   defining Unicode char U+00D9 (decimal 217)
   defining Unicode char U+00DA (decimal 218)
   defining Unicode char U+00DB (decimal 219)
   defining Unicode char U+00DC (decimal 220)
   defining Unicode char U+00DD (decimal 221)
   defining Unicode char U+00DE (decimal 222)
   defining Unicode char U+00DF (decimal 223)
   defining Unicode char U+00E0 (decimal 224)
   defining Unicode char U+00E1 (decimal 225)
   defining Unicode char U+00E2 (decimal 226)
   defining Unicode char U+00E3 (decimal 227)
   defining Unicode char U+00E4 (decimal 228)
   defining Unicode char U+00E5 (decimal 229)
   defining Unicode char U+00E6 (decimal 230)
   defining Unicode char U+00E7 (decimal 231)
   defining Unicode char U+00E8 (decimal 232)
   defining Unicode char U+00E9 (decimal 233)
   defining Unicode char U+00EA (decimal 234)
   defining Unicode char U+00EB (decimal 235)
   defining Unicode char U+00EC (decimal 236)
   defining Unicode char U+00ED (decimal 237)
   defining Unicode char U+00EE (decimal 238)
   defining Unicode char U+00EF (decimal 239)
   defining Unicode char U+00F0 (decimal 240)
   defining Unicode char U+00F1 (decimal 241)
   defining Unicode char U+00F2 (decimal 242)
   defining Unicode char U+00F3 (decimal 243)
   defining Unicode char U+00F4 (decimal 244)
   defining Unicode char U+00F5 (decimal 245)
   defining Unicode char U+00F6 (decimal 246)
   defining Unicode char U+00F8 (decimal 248)
   defining Unicode char U+00F9 (decimal 249)
   defining Unicode char U+00FA (decimal 250)
   defining Unicode char U+00FB (decimal 251)
   defining Unicode char U+00FC (decimal 252)
   defining Unicode char U+00FD (decimal 253)
   defining Unicode char U+00FE (decimal 254)
   defining Unicode char U+00FF (decimal 255)
   defining Unicode char U+0102 (decimal 258)
   defining Unicode char U+0103 (decimal 259)
   defining Unicode char U+0104 (decimal 260)
   defining Unicode char U+0105 (decimal 261)
   defining Unicode char U+0106 (decimal 262)
   defining Unicode char U+0107 (decimal 263)
   defining Unicode char U+010C (decimal 268)
   defining Unicode char U+010D (decimal 269)
   defining Unicode char U+010E (decimal 270)
   defining Unicode char U+010F (decimal 271)
   defining Unicode char U+0110 (decimal 272)
   defining Unicode char U+0111 (decimal 273)
   defining Unicode char U+0118 (decimal 280)
   defining Unicode char U+0119 (decimal 281)
   defining Unicode char U+011A (decimal 282)
   defining Unicode char U+011B (decimal 283)
   defining Unicode char U+011E (decimal 286)
   defining Unicode char U+011F (decimal 287)
   defining Unicode char U+0130 (decimal 304)
   defining Unicode char U+0131 (decimal 305)
   defining Unicode char U+0132 (decimal 306)
   defining Unicode char U+0133 (decimal 307)
   defining Unicode char U+0139 (decimal 313)
   defining Unicode char U+013A (decimal 314)
   defining Unicode char U+013D (decimal 317)
   defining Unicode char U+013E (decimal 318)
   defining Unicode char U+0141 (decimal 321)
   defining Unicode char U+0142 (decimal 322)
   defining Unicode char U+0143 (decimal 323)
   defining Unicode char U+0144 (decimal 324)
   defining Unicode char U+0147 (decimal 327)
   defining Unicode char U+0148 (decimal 328)
   defining Unicode char U+014A (decimal 330)
   defining Unicode char U+014B (decimal 331)
   defining Unicode char U+0150 (decimal 336)
   defining Unicode char U+0151 (decimal 337)
   defining Unicode char U+0152 (decimal 338)
   defining Unicode char U+0153 (decimal 339)
   defining Unicode char U+0154 (decimal 340)
   defining Unicode char U+0155 (decimal 341)
   defining Unicode char U+0158 (decimal 344)
   defining Unicode char U+0159 (decimal 345)
   defining Unicode char U+015A (decimal 346)
   defining Unicode char U+015B (decimal 347)
   defining Unicode char U+015E (decimal 350)
   defining Unicode char U+015F (decimal 351)
   defining Unicode char U+0160 (decimal 352)
   defining Unicode char U+0161 (decimal 353)
   defining Unicode char U+0162 (decimal 354)
   defining Unicode char U+0163 (decimal 355)
   defining Unicode char U+0164 (decimal 356)
   defining Unicode char U+0165 (decimal 357)
   defining Unicode char U+016E (decimal 366)
   defining Unicode char U+016F (decimal 367)
   defining Unicode char U+0170 (decimal 368)
   defining Unicode char U+0171 (decimal 369)
   defining Unicode char U+0174 (decimal 372)
   defining Unicode char U+0175 (decimal 373)
   defining Unicode char U+0176 (decimal 374)
   defining Unicode char U+0177 (decimal 375)
   defining Unicode char U+0178 (decimal 376)
   defining Unicode char U+0179 (decimal 377)
   defining Unicode char U+017A (decimal 378)
   defining Unicode char U+017B (decimal 379)
   defining Unicode char U+017C (decimal 380)
   defining Unicode char U+017D (decimal 381)
   defining Unicode char U+017E (decimal 382)
   defining Unicode char U+0218 (decimal 536)
   defining Unicode char U+0219 (decimal 537)
   defining Unicode char U+021A (decimal 538)
   defining Unicode char U+021B (decimal 539)
   defining Unicode char U+200C (decimal 8204)
   defining Unicode char U+2013 (decimal 8211)
   defining Unicode char U+2014 (decimal 8212)
   defining Unicode char U+2018 (decimal 8216)
   defining Unicode char U+2019 (decimal 8217)
   defining Unicode char U+201A (decimal 8218)
   defining Unicode char U+201C (decimal 8220)
   defining Unicode char U+201D (decimal 8221)
   defining Unicode char U+201E (decimal 8222)
   defining Unicode char U+2030 (decimal 8240)
   defining Unicode char U+2031 (decimal 8241)
   defining Unicode char U+2039 (decimal 8249)
   defining Unicode char U+203A (decimal 8250)
   defining Unicode char U+2423 (decimal 9251)
)
Now handling font encoding OT1 ...
... processing UTF-8 mapping file for font encoding OT1

(F:\Texmaker\mitex\tex\latex\base\ot1enc.dfu
File: ot1enc.dfu 2015/09/07 v1.1p UTF-8 support for inputenc
   defining Unicode char U+00A0 (decimal 160)
   defining Unicode char U+00A1 (decimal 161)
   defining Unicode char U+00A3 (decimal 163)
   defining Unicode char U+00AD (decimal 173)
   defining Unicode char U+00B8 (decimal 184)
   defining Unicode char U+00BF (decimal 191)
   defining Unicode char U+00C5 (decimal 197)
   defining Unicode char U+00C6 (decimal 198)
   defining Unicode char U+00D8 (decimal 216)
   defining Unicode char U+00DF (decimal 223)
   defining Unicode char U+00E6 (decimal 230)
   defining Unicode char U+00EC (decimal 236)
   defining Unicode char U+00ED (decimal 237)
   defining Unicode char U+00EE (decimal 238)
   defining Unicode char U+00EF (decimal 239)
   defining Unicode char U+00F8 (decimal 248)
   defining Unicode char U+0131 (decimal 305)
   defining Unicode char U+0141 (decimal 321)
   defining Unicode char U+0142 (decimal 322)
   defining Unicode char U+0152 (decimal 338)
   defining Unicode char U+0153 (decimal 339)
   defining Unicode char U+0174 (decimal 372)
   defining Unicode char U+0175 (decimal 373)
   defining Unicode char U+0176 (decimal 374)
   defining Unicode char U+0177 (decimal 375)
   defining Unicode char U+0218 (decimal 536)
   defining Unicode char U+0219 (decimal 537)
   defining Unicode char U+021A (decimal 538)
   defining Unicode char U+021B (decimal 539)
   defining Unicode char U+2013 (decimal 8211)
   defining Unicode char U+2014 (decimal 8212)
   defining Unicode char U+2018 (decimal 8216)
   defining Unicode char U+2019 (decimal 8217)
   defining Unicode char U+201C (decimal 8220)
   defining Unicode char U+201D (decimal 8221)
)
Now handling font encoding OMS ...
... processing UTF-8 mapping file for font encoding OMS

(F:\Texmaker\mitex\tex\latex\base\omsenc.dfu
File: omsenc.dfu 2015/09/07 v1.1p UTF-8 support for inputenc
   defining Unicode char U+00A7 (decimal 167)
   defining Unicode char U+00B6 (decimal 182)
   defining Unicode char U+00B7 (decimal 183)
   defining Unicode char U+2020 (decimal 8224)
   defining Unicode char U+2021 (decimal 8225)
   defining Unicode char U+2022 (decimal 8226)
)
Now handling font encoding OMX ...
... no UTF-8 mapping file for font encoding OMX
Now handling font encoding U ...
... no UTF-8 mapping file for font encoding U
Now handling font encoding TS1 ...
... processing UTF-8 mapping file for font encoding TS1

(F:\Texmaker\mitex\tex\latex\base\ts1enc.dfu
File: ts1enc.dfu 2015/09/07 v1.1p UTF-8 support for inputenc
   defining Unicode char U+00A2 (decimal 162)
   defining Unicode char U+00A3 (decimal 163)
   defining Unicode char U+00A4 (decimal 164)
   defining Unicode char U+00A5 (decimal 165)
   defining Unicode char U+00A6 (decimal 166)
   defining Unicode char U+00A7 (decimal 167)
   defining Unicode char U+00A8 (decimal 168)
   defining Unicode char U+00A9 (decimal 169)
   defining Unicode char U+00AA (decimal 170)
   defining Unicode char U+00AC (decimal 172)
   defining Unicode char U+00AE (decimal 174)
   defining Unicode char U+00AF (decimal 175)
   defining Unicode char U+00B0 (decimal 176)
   defining Unicode char U+00B1 (decimal 177)
   defining Unicode char U+00B2 (decimal 178)
   defining Unicode char U+00B3 (decimal 179)
   defining Unicode char U+00B4 (decimal 180)
   defining Unicode char U+00B5 (decimal 181)
   defining Unicode char U+00B6 (decimal 182)
   defining Unicode char U+00B7 (decimal 183)
   defining Unicode char U+00B9 (decimal 185)
   defining Unicode char U+00BA (decimal 186)
   defining Unicode char U+00BC (decimal 188)
   defining Unicode char U+00BD (decimal 189)
   defining Unicode char U+00BE (decimal 190)
   defining Unicode char U+00D7 (decimal 215)
   defining Unicode char U+00F7 (decimal 247)
   defining Unicode char U+0192 (decimal 402)
   defining Unicode char U+02C7 (decimal 711)
   defining Unicode char U+02D8 (decimal 728)
   defining Unicode char U+02DD (decimal 733)
   defining Unicode char U+0E3F (decimal 3647)
   defining Unicode char U+2016 (decimal 8214)
   defining Unicode char U+2020 (decimal 8224)
   defining Unicode char U+2021 (decimal 8225)
   defining Unicode char U+2022 (decimal 8226)
   defining Unicode char U+2030 (decimal 8240)
   defining Unicode char U+2031 (decimal 8241)
   defining Unicode char U+203B (decimal 8251)
   defining Unicode char U+203D (decimal 8253)
   defining Unicode char U+2044 (decimal 8260)
   defining Unicode char U+204E (decimal 8270)
   defining Unicode char U+2052 (decimal 8274)
   defining Unicode char U+20A1 (decimal 8353)
   defining Unicode char U+20A4 (decimal 8356)
   defining Unicode char U+20A6 (decimal 8358)
   defining Unicode char U+20A9 (decimal 8361)
   defining Unicode char U+20AB (decimal 8363)
   defining Unicode char U+20AC (decimal 8364)
   defining Unicode char U+20B1 (decimal 8369)
   defining Unicode char U+2103 (decimal 8451)
   defining Unicode char U+2116 (decimal 8470)
   defining Unicode char U+2117 (decimal 8471)
   defining Unicode char U+211E (decimal 8478)
   defining Unicode char U+2120 (decimal 8480)
   defining Unicode char U+2122 (decimal 8482)
   defining Unicode char U+2126 (decimal 8486)
   defining Unicode char U+2127 (decimal 8487)
   defining Unicode char U+212E (decimal 8494)
   defining Unicode char U+2190 (decimal 8592)
   defining Unicode char U+2191 (decimal 8593)
   defining Unicode char U+2192 (decimal 8594)
   defining Unicode char U+2193 (decimal 8595)
   defining Unicode char U+2329 (decimal 9001)
   defining Unicode char U+232A (decimal 9002)
   defining Unicode char U+2422 (decimal 9250)
   defining Unicode char U+25E6 (decimal 9702)
   defining Unicode char U+25EF (decimal 9711)
   defining Unicode char U+266A (decimal 9834)
)
   defining Unicode char U+00A9 (decimal 169)
   defining Unicode char U+00AA (decimal 170)
   defining Unicode char U+00AE (decimal 174)
   defining Unicode char U+00BA (decimal 186)
   defining Unicode char U+02C6 (decimal 710)
   defining Unicode char U+02DC (decimal 732)
   defining Unicode char U+200C (decimal 8204)
   defining Unicode char U+2026 (decimal 8230)
   defining Unicode char U+2122 (decimal 8482)
   defining Unicode char U+2423 (decimal 9251)
))
(F:\Texmaker\mitex\tex\latex\csquotes\csquotes.sty
Package: csquotes 2016/01/31 v5.1g context-sensitive quotations (JAW)

(F:\Texmaker\mitex\tex\latex\etoolbox\etoolbox.sty
Package: etoolbox 2015/08/02 v2.2a e-TeX tools for LaTeX (JAW)
\etb@tempcnta=\count114
)
\csq@reset=\count115
\csq@gtype=\count116
\csq@glevel=\count117
\csq@qlevel=\count118
\csq@maxlvl=\count119
\csq@tshold=\count120
\csq@ltx@everypar=\toks26

(F:\Texmaker\mitex\tex\latex\csquotes\csquotes.def
File: csquotes.def 2016/01/31 v5.1g csquotes generic definitions (JAW)
)
Package csquotes Info: Trying to load configuration file 'csquotes.cfg'...
Package csquotes Info: ... configuration file loaded successfully.

(F:\Texmaker\mitex\tex\latex\csquotes\csquotes.cfg
File: csquotes.cfg 
)
Package csquotes Info: Enabling multilingual quotes.
Package csquotes Info: Redefining alias 'german' -> 'german/quotes'.
)
(F:\Texmaker\mitex\tex\latex\setspace\setspace.sty
Package: setspace 2011/12/19 v6.7a set line spacing
)
(F:\Texmaker\mitex\tex\latex\psnfss\mathptmx.sty
Package: mathptmx 2005/04/12 PSNFSS-v9.2a Times w/ Math, improved (SPQR, WaS) 
LaTeX Font Info:    Redeclaring symbol font `operators' on input line 28.
LaTeX Font Info:    Overwriting symbol font `operators' in version `normal'
(Font)                  OT1/cmr/m/n --> OT1/ztmcm/m/n on input line 28.
LaTeX Font Info:    Overwriting symbol font `operators' in version `bold'
(Font)                  OT1/cmr/bx/n --> OT1/ztmcm/m/n on input line 28.
LaTeX Font Info:    Redeclaring symbol font `letters' on input line 29.
LaTeX Font Info:    Overwriting symbol font `letters' in version `normal'
(Font)                  OML/cmm/m/it --> OML/ztmcm/m/it on input line 29.
LaTeX Font Info:    Overwriting symbol font `letters' in version `bold'
(Font)                  OML/cmm/b/it --> OML/ztmcm/m/it on input line 29.
LaTeX Font Info:    Redeclaring symbol font `symbols' on input line 30.
LaTeX Font Info:    Overwriting symbol font `symbols' in version `normal'
(Font)                  OMS/cmsy/m/n --> OMS/ztmcm/m/n on input line 30.
LaTeX Font Info:    Overwriting symbol font `symbols' in version `bold'
(Font)                  OMS/cmsy/b/n --> OMS/ztmcm/m/n on input line 30.
LaTeX Font Info:    Redeclaring symbol font `largesymbols' on input line 31.
LaTeX Font Info:    Overwriting symbol font `largesymbols' in version `normal'
(Font)                  OMX/cmex/m/n --> OMX/ztmcm/m/n on input line 31.
LaTeX Font Info:    Overwriting symbol font `largesymbols' in version `bold'
(Font)                  OMX/cmex/m/n --> OMX/ztmcm/m/n on input line 31.
\symbold=\mathgroup6
\symitalic=\mathgroup7
LaTeX Font Info:    Redeclaring math alphabet \mathbf on input line 34.
LaTeX Font Info:    Overwriting math alphabet `\mathbf' in version `normal'
(Font)                  OT1/cmr/bx/n --> OT1/ptm/bx/n on input line 34.
LaTeX Font Info:    Overwriting math alphabet `\mathbf' in version `bold'
(Font)                  OT1/cmr/bx/n --> OT1/ptm/bx/n on input line 34.
LaTeX Font Info:    Redeclaring math alphabet \mathit on input line 35.
LaTeX Font Info:    Overwriting math alphabet `\mathit' in version `normal'
(Font)                  OT1/cmr/m/it --> OT1/ptm/m/it on input line 35.
LaTeX Font Info:    Overwriting math alphabet `\mathit' in version `bold'
(Font)                  OT1/cmr/bx/it --> OT1/ptm/m/it on input line 35.
LaTeX Info: Redefining \hbar on input line 50.
)
(F:\Texmaker\mitex\tex\latex\tabto\tabto.sty
Package: tabto 2013/03/25  v 1.3  Another tabbing mechanism
\CurrentLineWidth=\dimen146
)
(F:\Texmaker\mitex\tex\latex\tools\longtable.sty
Package: longtable 2014/10/28 v4.11 Multi-page Table package (DPC)
\LTleft=\skip56
\LTright=\skip57
\LTpre=\skip58
\LTpost=\skip59
\LTchunksize=\count121
\LTcapwidth=\dimen147
\LT@head=\box31
\LT@firsthead=\box32
\LT@foot=\box33
\LT@lastfoot=\box34
\LT@cols=\count122
\LT@rows=\count123
\c@LT@tables=\count124
\c@LT@chunks=\count125
\LT@p@ftn=\toks27
)
Class scrartcl Info: longtable captions redefined on input line 37.

(F:\Texmaker\mitex\tex\latex\supertabular\supertabular.sty
Package: supertabular 2004/02/20 v4.1e the supertabular environment
\c@tracingst=\count126
\ST@wd=\dimen148
\ST@rightskip=\skip60
\ST@leftskip=\skip61
\ST@parfillskip=\skip62
\ST@pageleft=\dimen149
\ST@headht=\dimen150
\ST@tailht=\dimen151
\ST@pagesofar=\dimen152
\ST@pboxht=\dimen153
\ST@lineht=\dimen154
\ST@stretchht=\dimen155
\ST@prevht=\dimen156
\ST@toadd=\dimen157
\ST@dimen=\dimen158
\ST@pbox=\box35
)
(F:\Texmaker\mitex\tex\latex\koma-script\scrpage2.sty
Package: scrpage2 2015/10/03 v3.19a KOMA-Script package (page head and foot)
LaTeX Info: Redefining \pagemark on input line 174.
)
(F:\Texmaker\mitex\tex\latex\tocloft\tocloft.sty
Package: tocloft 2013/05/02 v2.3f parameterised ToC, etc., typesetting
Package tocloft Info: The document has section divisions on input line 44.
\cftparskip=\skip63
\cftbeforetoctitleskip=\skip64
\cftaftertoctitleskip=\skip65
\cftbeforepartskip=\skip66
\cftpartnumwidth=\skip67
\cftpartindent=\skip68
\cftbeforesecskip=\skip69
\cftsecindent=\skip70
\cftsecnumwidth=\skip71
\cftbeforesubsecskip=\skip72
\cftsubsecindent=\skip73
\cftsubsecnumwidth=\skip74
\cftbeforesubsubsecskip=\skip75
\cftsubsubsecindent=\skip76
\cftsubsubsecnumwidth=\skip77
\cftbeforeparaskip=\skip78
\cftparaindent=\skip79
\cftparanumwidth=\skip80
\cftbeforesubparaskip=\skip81
\cftsubparaindent=\skip82
\cftsubparanumwidth=\skip83
\cftbeforeloftitleskip=\skip84
\cftafterloftitleskip=\skip85
\cftbeforefigskip=\skip86
\cftfigindent=\skip87
\cftfignumwidth=\skip88
\c@lofdepth=\count127
\c@lotdepth=\count128
\cftbeforelottitleskip=\skip89
\cftafterlottitleskip=\skip90
\cftbeforetabskip=\skip91
\cfttabindent=\skip92
\cfttabnumwidth=\skip93
)
(F:\Texmaker\mitex\tex\latex\titlesec\titletoc.sty
Package: titletoc 2011/12/15 v1.6 TOC entries
\ttl@leftsep=\dimen159
)
(F:\Texmaker\mitex\tex\latex\enumitem\enumitem.sty
Package: enumitem 2011/09/28 v3.5.2 Customized lists
\labelindent=\skip94
\enit@outerparindent=\dimen160
\enit@toks=\toks28
\enit@inbox=\box36
\enitdp@description=\count129
)
(F:\Texmaker\mitex\tex\latex\geometry\geometry.sty
Package: geometry 2010/09/12 v5.6 Page Geometry

(F:\Texmaker\mitex\tex\generic\oberdiek\ifvtex.sty
Package: ifvtex 2010/03/01 v1.5 Detect VTeX and its facilities (HO)
Package ifvtex Info: VTeX not detected.
)
(F:\Texmaker\mitex\tex\generic\ifxetex\ifxetex.sty
Package: ifxetex 2010/09/12 v0.6 Provides ifxetex conditional
)
\Gm@cnth=\count130
\Gm@cntv=\count131
\c@Gm@tempcnt=\count132
\Gm@bindingoffset=\dimen161
\Gm@wd@mp=\dimen162
\Gm@odd@mp=\dimen163
\Gm@even@mp=\dimen164
\Gm@layoutwidth=\dimen165
\Gm@layoutheight=\dimen166
\Gm@layouthoffset=\dimen167
\Gm@layoutvoffset=\dimen168
\Gm@dimlist=\toks29

(F:\Texmaker\mitex\tex\latex\geometry\geometry.cfg))
(F:\Texmaker\mitex\tex\latex\listings\listings.sty
\lst@mode=\count133
\lst@gtempboxa=\box37
\lst@token=\toks30
\lst@length=\count134
\lst@currlwidth=\dimen169
\lst@column=\count135
\lst@pos=\count136
\lst@lostspace=\dimen170
\lst@width=\dimen171
\lst@newlines=\count137
\lst@lineno=\count138
\lst@maxwidth=\dimen172

(F:\Texmaker\mitex\tex\latex\listings\lstmisc.sty
File: lstmisc.sty 2015/06/04 1.6 (Carsten Heinz)
\c@lstnumber=\count139
\lst@skipnumbers=\count140
\lst@framebox=\box38
)
(F:\Texmaker\mitex\tex\latex\listings\listings.cfg
File: listings.cfg 2015/06/04 1.6 listings configuration
))
Package: listings 2015/06/04 1.6 (Carsten Heinz)

(F:\Texmaker\mitex\tex\latex\listings\lstlang1.sty
File: lstlang1.sty 2015/06/04 1.6 listings language file
)

Class scrartcl Warning: Usage of package `titlesec' together
(scrartcl)              with a KOMA-Script class is not recommended.
(scrartcl)              I'd suggest to use the package only
(scrartcl)              if you really need it, because it breaks several
(scrartcl)              KOMA-Script features, i.e., option `headings' and
(scrartcl)              the extended optional argument of the section
(scrartcl)              commands.
(scrartcl)              Nevertheless, using requested
(scrartcl)              package `titlesec' on input line 111.

(F:\Texmaker\mitex\tex\latex\titlesec\titlesec.sty
Package: titlesec 2016/03/21 v2.10.2 Sectioning titles
\ttl@box=\box39
\beforetitleunit=\skip95
\aftertitleunit=\skip96
\ttl@plus=\dimen173
\ttl@minus=\dimen174
\ttl@toksa=\toks31
\titlewidth=\dimen175
\titlewidthlast=\dimen176
\titlewidthfirst=\dimen177


Package titlesec Warning: Non standard sectioning command detected
(titlesec)                Using default spacing and no format.


Package titlesec Warning: Non standard sectioning command detected
(titlesec)                Using default spacing and no format.


Package titlesec Warning: Non standard sectioning command detected
(titlesec)                Using default spacing and no format.


Package titlesec Warning: Non standard sectioning command detected
(titlesec)                Using default spacing and no format.


Package titlesec Warning: Non standard sectioning command detected
(titlesec)                Using default spacing and no format.

)
Class scrartcl Info: Deactivating the `titlesec` workaround,
(scrartcl)           because package is newer than expected on input line 111.
 (F:\Texmaker\mitex\tex\latex\footmisc\footmisc.sty
Package: footmisc 2011/06/06 v5.5b a miscellany of footnote facilities
\FN@temptoken=\toks32
\footnotemargin=\dimen178
\c@pp@next@reset=\count141
Package footmisc Info: Declaring symbol style bringhurst on input line 855.
Package footmisc Info: Declaring symbol style chicago on input line 863.
Package footmisc Info: Declaring symbol style wiley on input line 872.
Package footmisc Info: Declaring symbol style lamport-robust on input line 883.

Package footmisc Info: Declaring symbol style lamport* on input line 903.
Package footmisc Info: Declaring symbol style lamport*-robust on input line 924
.
)
(F:\Texmaker\mitex\tex\latex\pict2e\pict2e.sty
Package: pict2e 2016/02/05 v0.3b Improved picture commands (HjG,RN,JT)

(F:\Texmaker\mitex\tex\latex\00miktex\pict2e.cfg
File: pict2e.cfg 2011/04/05 v0.1t pict2e configuration for teTeX/TeXLive
)
Package pict2e Info: Driver file: pdftex.def on input line 119.
Package pict2e Info: Driver file for pict2e: p2e-pdftex.def on input line 121.

(F:\Texmaker\mitex\tex\latex\pict2e\p2e-pdftex.def
File: p2e-pdftex.def 2016/02/05 v0.1u Driver-dependant file (RN,HjG,JT)
)
\pIIe@GRAPH=\toks33
\@arclen=\dimen179
\@arcrad=\dimen180
\@tempdimd=\dimen181
)
(F:\Texmaker\mitex\tex\latex\natbib\natbib.sty
Package: natbib 2010/09/13 8.31b (PWD, AO)
\bibhang=\skip97
\bibsep=\skip98
LaTeX Info: Redefining \cite on input line 694.
\c@NAT@ctr=\count142
))
Package csquotes Info: Checking for multilingual support...
Package csquotes Info: ... found 'babel' package.

(Bachelorarbeit_Paul_Zilewitsch.aux)
\openout1 = `Bachelorarbeit_Paul_Zilewitsch.aux'.

LaTeX Font Info:    Checking defaults for OML/cmm/m/it on input line 6.
LaTeX Font Info:    ... okay on input line 6.
LaTeX Font Info:    Checking defaults for T1/cmr/m/n on input line 6.
LaTeX Font Info:    ... okay on input line 6.
LaTeX Font Info:    Checking defaults for OT1/cmr/m/n on input line 6.
LaTeX Font Info:    ... okay on input line 6.
LaTeX Font Info:    Checking defaults for OMS/cmsy/m/n on input line 6.
LaTeX Font Info:    ... okay on input line 6.
LaTeX Font Info:    Checking defaults for OMX/cmex/m/n on input line 6.
LaTeX Font Info:    ... okay on input line 6.
LaTeX Font Info:    Checking defaults for U/cmr/m/n on input line 6.
LaTeX Font Info:    ... okay on input line 6.
LaTeX Font Info:    Checking defaults for TS1/cmr/m/n on input line 6.
LaTeX Font Info:    Try loading font information for TS1+cmr on input line 6.

(F:\Texmaker\mitex\tex\latex\base\ts1cmr.fd
File: ts1cmr.fd 2014/09/29 v2.5h Standard LaTeX font definitions
)
LaTeX Font Info:    ... okay on input line 6.
LaTeX Font Info:    Try loading font information for T1+ptm on input line 6.

(F:\Texmaker\mitex\tex\latex\psnfss\t1ptm.fd
File: t1ptm.fd 2001/06/04 font definitions for T1/ptm.
)
\AtBeginShipoutBox=\box40

(F:\Texmaker\mitex\tex\context\base\supp-pdf.mkii
[Loading MPS to PDF converter (version 2006.09.02).]
\scratchcounter=\count143
\scratchdimen=\dimen182
\scratchbox=\box41
\nofMPsegments=\count144
\nofMParguments=\count145
\everyMPshowfont=\toks34
\MPscratchCnt=\count146
\MPscratchDim=\dimen183
\MPnumerator=\count147
\makeMPintoPDFobject=\count148
\everyMPtoPDFconversion=\toks35
) (F:\Texmaker\mitex\tex\latex\oberdiek\pdflscape.sty
Package: pdflscape 2008/08/11 v0.10 Display of landscape pages in PDF (HO)

(F:\Texmaker\mitex\tex\latex\graphics\lscape.sty
Package: lscape 2000/10/22 v3.01 Landscape Pages (DPC)
)
Package pdflscape Info: Auto-detected driver: pdftex on input line 80.
)
Package caption Info: Begin \AtBeginDocument code.
Package caption Info: listings package is loaded.
Package caption Info: longtable package is loaded.

(F:\Texmaker\mitex\tex\latex\caption\ltcaption.sty
Package: ltcaption 2013/06/09 v1.4-94 longtable captions (AR)
)
Package caption Info: supertabular package is loaded.
Package caption Info: End \AtBeginDocument code.

(F:\Texmaker\mitex\tex\latex\upquote\upquote.sty
Package: upquote 2012/04/19 v1.3 upright-quote and grave-accent glyphs in verba
tim
)

Package scrpage2 Warning: seems you are using a very small headheight.
(scrpage2)                If you get overfull \vbox warnings at almost every
(scrpage2)                page, you should increase headheight e.g. writing
(scrpage2)                 \setlength{\headheight}{1.1\baselineskip}
(scrpage2)                into the preamble of your document.
(scrpage2)                A better solution would be to use typearea package.

Package scrbase Info: activating ngerman \contentsname on input line 6.
Package scrbase Info: activating ngerman \listfigurename on input line 6.
Package scrbase Info: activating ngerman \listtablename on input line 6.
*geometry* driver: auto-detecting
*geometry* detected driver: pdftex
*geometry* verbose mode - [ preamble ] result:
* driver: pdftex
* paper: a4paper
* layout: <same size as paper>
* layoutoffset:(h,v)=(0.0pt,0.0pt)
* modes: 
* h-part:(L,W,R)=(85.35826pt, 455.24411pt, 56.9055pt)
* v-part:(T,H,B)=(59.75078pt, 728.39056pt, 56.9055pt)
* \paperwidth=597.50787pt
* \paperheight=845.04684pt
* \textwidth=455.24411pt
* \textheight=728.39056pt
* \oddsidemargin=13.08827pt
* \evensidemargin=13.08827pt
* \topmargin=-59.09695pt
* \headheight=18.125pt
* \headsep=28.45274pt
* \topskip=12.0pt
* \footskip=28.45274pt
* \marginparwidth=49.79233pt
* \marginparsep=12.8401pt
* \columnsep=10.0pt
* \skip\footins=10.8pt plus 4.0pt minus 2.0pt
* \hoffset=0.0pt
* \voffset=0.0pt
* \mag=1000
* \@twocolumnfalse
* \@twosidefalse
* \@mparswitchfalse
* \@reversemarginfalse
* (1in=72.27pt=25.4mm, 1cm=28.453pt)

\c@lstlisting=\count149
LaTeX Font Info:    Font shape `T1/ptm/bx/n' in size <14.4> not available
(Font)              Font shape `T1/ptm/b/n' tried instead on input line 19.
LaTeX Font Info:    Try loading font information for OT1+ztmcm on input line 29
.
(F:\Texmaker\mitex\tex\latex\psnfss\ot1ztmcm.fd
File: ot1ztmcm.fd 2000/01/03 Fontinst v1.801 font definitions for OT1/ztmcm.
)
LaTeX Font Info:    Try loading font information for OML+ztmcm on input line 29
.

(F:\Texmaker\mitex\tex\latex\psnfss\omlztmcm.fd
File: omlztmcm.fd 2000/01/03 Fontinst v1.801 font definitions for OML/ztmcm.
)
LaTeX Font Info:    Try loading font information for OMS+ztmcm on input line 29
.

(F:\Texmaker\mitex\tex\latex\psnfss\omsztmcm.fd
File: omsztmcm.fd 2000/01/03 Fontinst v1.801 font definitions for OMS/ztmcm.
)
LaTeX Font Info:    Try loading font information for OMX+ztmcm on input line 29
.

(F:\Texmaker\mitex\tex\latex\psnfss\omxztmcm.fd
File: omxztmcm.fd 2000/01/03 Fontinst v1.801 font definitions for OMX/ztmcm.
)
LaTeX Font Info:    Try loading font information for OT1+ptm on input line 29.

(F:\Texmaker\mitex\tex\latex\psnfss\ot1ptm.fd
File: ot1ptm.fd 2001/06/04 font definitions for OT1/ptm.
)
LaTeX Font Info:    Font shape `OT1/ptm/bx/n' in size <14.4> not available
(Font)              Font shape `OT1/ptm/b/n' tried instead on input line 29.
LaTeX Font Info:    Font shape `OT1/ptm/bx/n' in size <10.95> not available
(Font)              Font shape `OT1/ptm/b/n' tried instead on input line 29.
LaTeX Font Info:    Font shape `OT1/ptm/bx/n' in size <8> not available
(Font)              Font shape `OT1/ptm/b/n' tried instead on input line 29.

Underfull \hbox (badness 10000) in paragraph at lines 26--34

 []

[1

{C:/Users/Zille/AppData/Local/MiKTeX/2.9/pdftex/config/pdftex.map}]
LaTeX Font Info:    Font shape `T1/ptm/bx/n' in size <17.28> not available
(Font)              Font shape `T1/ptm/b/n' tried instead on input line 46.
LaTeX Font Info:    Font shape `T1/ptm/bx/n' in size <12> not available
(Font)              Font shape `T1/ptm/b/n' tried instead on input line 48.

Underfull \hbox (badness 10000) in paragraph at lines 45--54

 []


Underfull \hbox (badness 10000) in paragraph at lines 45--54

 []


Underfull \hbox (badness 10000) in paragraph at lines 45--54

 []


Underfull \hbox (badness 10000) in paragraph at lines 45--54

 []

[2]
LaTeX Font Info:    Font shape `T1/ptm/bx/n' in size <16> not available
(Font)              Font shape `T1/ptm/b/n' tried instead on input line 63.
 (Bachelorarbeit_Paul_Zilewitsch.toc
LaTeX Font Info:    Font shape `OT1/ptm/bx/n' in size <12> not available
(Font)              Font shape `OT1/ptm/b/n' tried instead on input line 2.
LaTeX Font Info:    Font shape `OT1/ptm/bx/n' in size <9> not available
(Font)              Font shape `OT1/ptm/b/n' tried instead on input line 2.
LaTeX Font Info:    Font shape `OT1/ptm/bx/n' in size <7> not available
(Font)              Font shape `OT1/ptm/b/n' tried instead on input line 2.
 [4])
\tf@toc=\write4
\openout4 = `Bachelorarbeit_Paul_Zilewitsch.toc'.

 [5]
(Bachelorarbeit_Paul_Zilewitsch.lof)
\tf@lof=\write5
\openout5 = `Bachelorarbeit_Paul_Zilewitsch.lof'.

 [6]
LaTeX Font Info:    Try loading font information for TS1+ptm on input line 84.

(F:\Texmaker\mitex\tex\latex\psnfss\ts1ptm.fd
File: ts1ptm.fd 2001/06/04 font definitions for TS1/ptm.
) [7]
(Bachelorarbeit_Paul_Zilewitsch.lot)
\tf@lot=\write6
\openout6 = `Bachelorarbeit_Paul_Zilewitsch.lot'.

 [8] (Inhalte/1_Einleitung/Einleitung.tex
LaTeX Font Info:    Font shape `T1/ptm/bx/n' in size <14> not available
(Font)              Font shape `T1/ptm/b/n' tried instead on input line 6.

Underfull \hbox (badness 10000) in paragraph at lines 7--9

 []

LaTeX Font Info:    Font shape `OT1/ptm/bx/n' in size <10> not available
(Font)              Font shape `OT1/ptm/b/n' tried instead on input line 11.
LaTeX Font Info:    Font shape `OT1/ptm/bx/n' in size <7.4> not available
(Font)              Font shape `OT1/ptm/b/n' tried instead on input line 11.
LaTeX Font Info:    Font shape `OT1/ptm/bx/n' in size <6> not available
(Font)              Font shape `OT1/ptm/b/n' tried instead on input line 11.

Underfull \hbox (badness 10000) in paragraph at lines 10--12

 []


Underfull \hbox (badness 10000) in paragraph at lines 19--21

 []

[1]
Underfull \hbox (badness 10000) in paragraph at lines 24--27

 []


Underfull \hbox (badness 10000) in paragraph at lines 30--32

 []

[2]) [3] (Inhalte/2_Service_Desk/Service_Desk.tex
Overfull \hbox (8.37134pt too wide) in paragraph at lines 23--25
\T1/ptm/m/n/12 dem Kun-den die not-wen-di-gen IT Ser-vices zur wir-kungs-vol-le
n Un-ter-stt-zung sei-ner Ge-schftspro-
 []

[4] <Abbildungen/ITIL_Lebenszyklus.png, id=38, 521.95pt x 521.95pt>
File: Abbildungen/ITIL_Lebenszyklus.png Graphic file (type png)

<use Abbildungen/ITIL_Lebenszyklus.png>
Package pdftex.def Info: Abbildungen/ITIL_Lebenszyklus.png used on input line 2
8.
(pdftex.def)             Requested size: 227.62206pt x 227.61984pt.
 [5 <./Abbildungen/ITIL_Lebenszyklus.png>] <Abbildungen/SPOC_3.png, id=42, 809.
27344pt x 368.1253pt>
File: Abbildungen/SPOC_3.png Graphic file (type png)

<use Abbildungen/SPOC_3.png>
Package pdftex.def Info: Abbildungen/SPOC_3.png used on input line 39.
(pdftex.def)             Requested size: 318.66948pt x 144.96133pt.

Underfull \hbox (badness 10000) in paragraph at lines 41--41
[][][]|\T1/ptm/m/n/12 Sin-gle Point of Con-tact, Quelle:http://edoc.hu-berlin.d
e/
 []


Underfull \hbox (badness 10000) in paragraph at lines 45--47

 []

[6 <./Abbildungen/SPOC_3.png>] [7]
Underfull \hbox (badness 10000) in paragraph at lines 108--110

 []


Underfull \hbox (badness 10000) in paragraph at lines 108--110

 []


Underfull \hbox (badness 10000) in paragraph at lines 114--116

 []


Underfull \hbox (badness 10000) in paragraph at lines 117--119

 []


Underfull \hbox (badness 10000) in paragraph at lines 120--122

 []


Underfull \hbox (badness 10000) in paragraph at lines 123--125

 []

[8]
Underfull \hbox (badness 10000) in paragraph at lines 126--128

 []


Underfull \hbox (badness 10000) in paragraph at lines 129--131

 []


Underfull \hbox (badness 10000) in paragraph at lines 129--131

 []


Underfull \hbox (badness 10000) in paragraph at lines 134--136

 []

) [9] (Inhalte/3_Analyse_Softwareloesungen/Analyse_Softwareloesungen.tex
Underfull \hbox (badness 10000) in paragraph at lines 9--15

 []


Underfull \hbox (badness 10000) in paragraph at lines 16--20

 []


Underfull \hbox (badness 10000) in paragraph at lines 21--24

 []


LaTeX Warning: Reference `Anhang3' on page 10 undefined on input line 28.


Underfull \hbox (badness 10000) in paragraph at lines 31--36

 []


Underfull \hbox (badness 10000) in paragraph at lines 37--43

 []

[10]
Underfull \hbox (badness 10000) in paragraph at lines 44--49

 []


Underfull \hbox (badness 10000) in paragraph at lines 55--60

 []


Underfull \hbox (badness 10000) in paragraph at lines 55--60

 []


Underfull \hbox (badness 10000) in paragraph at lines 63--73

 []

[11] [12]
Underfull \hbox (badness 10000) in paragraph at lines 75--79

 []


Underfull \hbox (badness 10000) in paragraph at lines 81--88

 []

[13] [14]
Underfull \hbox (badness 10000) in paragraph at lines 105--107

 []

[15]
Underfull \hbox (badness 10000) in paragraph at lines 121--125

 []


Overfull \hbox (6.04903pt too wide) in paragraph at lines 127--129
\T1/ptm/m/n/12 Alle Ser-vice Desk-Systeme, die be-trach-tet wur-den, wa-ren auf
 ih-re Wei-se in-di-vi-du-ell. Die Schwer-
 []


Underfull \hbox (badness 10000) in paragraph at lines 127--129

 []


Underfull \hbox (badness 10000) in paragraph at lines 130--136

 []


Underfull \hbox (badness 10000) in paragraph at lines 130--136

 []

[16]) [17] (Inhalte/4_Service_Desk_GEBman10/Service_Desk_GEBman10.tex
Underfull \hbox (badness 10000) in paragraph at lines 6--8

 []


Underfull \hbox (badness 10000) in paragraph at lines 9--11

 []


Underfull \hbox (badness 10000) in paragraph at lines 12--14

 []

<Abbildungen/GEBman.pdf, id=83, 845.0471pt x 597.51233pt>
File: Abbildungen/GEBman.pdf Graphic file (type pdf)

<use Abbildungen/GEBman.pdf>
Package pdftex.def Info: Abbildungen/GEBman.pdf used on input line 17.
(pdftex.def)             Requested size: 341.43307pt x 241.41678pt.


LaTeX Warning: `!h' float specifier changed to `!ht'.


Underfull \hbox (badness 10000) in paragraph at lines 23--27

 []

[18]
Underfull \hbox (badness 10000) in paragraph at lines 29--33

 []


Underfull \hbox (badness 10000) in paragraph at lines 34--38

 []


Underfull \hbox (badness 10000) in paragraph at lines 34--38

 []

[19 <./Abbildungen/GEBman.pdf>]
Underfull \hbox (badness 10000) in paragraph at lines 39--42

 []


Underfull \hbox (badness 10000) in paragraph at lines 44--49

 []


Underfull \hbox (badness 10000) in paragraph at lines 83--88

 []

[20]
Underfull \hbox (badness 10000) in paragraph at lines 89--93

 []

[21]) [22] (Inhalte/5_Microsoft_Exchange_Server/MES.tex
<Abbildungen/RPC_TCP.pdf, id=104, 844.65562pt x 596.98032pt>
File: Abbildungen/RPC_TCP.pdf Graphic file (type pdf)

<use Abbildungen/RPC_TCP.pdf>
Package pdftex.def Info: Abbildungen/RPC_TCP.pdf used on input line 14.
(pdftex.def)             Requested size: 268.59235pt x 189.83519pt.

Underfull \hbox (badness 10000) in paragraph at lines 15--15
\T1/ptm/m/n/12 https://technet.microsoft.com/de-de/library/e8feb37e-f3a9-4f26-b
ed0-
 []


LaTeX Warning: `!h' float specifier changed to `!ht'.

[23] <Abbildungen/RPC_HTTP.png, id=108, 949.29657pt x 233.37187pt>
File: Abbildungen/RPC_HTTP.png Graphic file (type png)

<use Abbildungen/RPC_HTTP.png>
Package pdftex.def Info: Abbildungen/RPC_HTTP.png used on input line 25.
(pdftex.def)             Requested size: 295.90588pt x 72.74335pt.

Underfull \hbox (badness 10000) in paragraph at lines 27--27
[][][]|\T1/ptm/m/n/12 RPC over HTTP Prin-zip, in An-leh-nung an:http://
 []

[24 <./Abbildungen/RPC_TCP.pdf> <./Abbildungen/RPC_HTTP.png>]

LaTeX Warning: Reference `API_1' on page 25 undefined on input line 37.

[25] <Abbildungen/EWS_Funktionsumfang.pdf, id=139, 844.65562pt x 596.98032pt>
File: Abbildungen/EWS_Funktionsumfang.pdf Graphic file (type pdf)

<use Abbildungen/EWS_Funktionsumfang.pdf>
Package pdftex.def Info: Abbildungen/EWS_Funktionsumfang.pdf used on input line
 55.
(pdftex.def)             Requested size: 295.90588pt x 209.13753pt.
) [26 <./Abbildungen/EWS_Funktionsumfang.pdf>] (Inhalte/6_Konzipierung/Konzipie
rung.tex [27] [28]
Underfull \hbox (badness 10000) in paragraph at lines 37--40

 []


Underfull \hbox (badness 5924) in paragraph at lines 46--46
[]|\T1/ptm/m/n/12 Aktivittsdiagramm, Zu-stands-dia-
 []


Underfull \hbox (badness 10000) in paragraph at lines 46--47
[]|\T1/ptm/m/n/12 Klassendiagramm, Ob-jekt-dia-
 []


Underfull \hbox (badness 1112) in paragraph at lines 48--50
\T1/ptm/m/n/12 sicht-lich und auch in-wie-fern der
 []


Underfull \hbox (badness 1325) in paragraph at lines 50--52
\T1/ptm/m/n/12 sind. Ih-re Ein-und Aus-ga-be-da-ten
 []


Underfull \hbox (badness 10000) in paragraph at lines 58--60

 []

<Abbildungen/Aktivitaetsdiagramm.pdf, id=221, 844.65562pt x 596.98032pt>
File: Abbildungen/Aktivitaetsdiagramm.pdf Graphic file (type pdf)

<use Abbildungen/Aktivitaetsdiagramm.pdf>
Package pdftex.def Info: Abbildungen/Aktivitaetsdiagramm.pdf used on input line
 66.
(pdftex.def)             Requested size: 364.19667pt x 257.40704pt.


LaTeX Warning: `!h' float specifier changed to `!ht'.


Underfull \hbox (badness 10000) in paragraph at lines 71--74

 []


Underfull \hbox (badness 10000) in paragraph at lines 71--74

 []

[29] <Abbildungen/Zustandsdiagramm.pdf, id=225, 596.98032pt x 844.65562pt>
File: Abbildungen/Zustandsdiagramm.pdf Graphic file (type pdf)

<use Abbildungen/Zustandsdiagramm.pdf>
Package pdftex.def Info: Abbildungen/Zustandsdiagramm.pdf used on input line 80
.
(pdftex.def)             Requested size: 273.14923pt x 386.47127pt.


LaTeX Warning: `!h' float specifier changed to `!ht'.


Underfull \hbox (badness 10000) in paragraph at lines 85--89

 []


Underfull \hbox (badness 10000) in paragraph at lines 85--89

 []

[30 <./Abbildungen/Aktivitaetsdiagramm.pdf>] [31 <./Abbildungen/Zustandsdiagram
m.pdf>] <Abbildungen/Klassendiagramm.pdf, id=311, 844.65562pt x 596.98032pt>
File: Abbildungen/Klassendiagramm.pdf Graphic file (type pdf)

<use Abbildungen/Klassendiagramm.pdf>
Package pdftex.def Info: Abbildungen/Klassendiagramm.pdf used on input line 95.

(pdftex.def)             Requested size: 364.19667pt x 257.40704pt.

Underfull \hbox (badness 10000) in paragraph at lines 100--102

 []


Underfull \hbox (badness 10000) in paragraph at lines 103--108

 []


Underfull \hbox (badness 10000) in paragraph at lines 109--111

 []

[32 <./Abbildungen/Klassendiagramm.pdf>]
<Abbildungen/Sicherheitsaspekte.pdf, id=368, 844.65562pt x 596.98032pt>
File: Abbildungen/Sicherheitsaspekte.pdf Graphic file (type pdf)

<use Abbildungen/Sicherheitsaspekte.pdf>
Package pdftex.def Info: Abbildungen/Sicherheitsaspekte.pdf used on input line 
119.
(pdftex.def)             Requested size: 386.96027pt x 273.49385pt.

Underfull \hbox (badness 10000) in paragraph at lines 124--126

 []

[33 <./Abbildungen/Sicherheitsaspekte.pdf>]) [34]
(Inhalte/7_Umsetzung/Umsetzung.tex
<Abbildungen/Screenshot_Verweise.pdf, id=475, 969.6225pt x 368.37625pt>
File: Abbildungen/Screenshot_Verweise.pdf Graphic file (type pdf)

<use Abbildungen/Screenshot_Verweise.pdf>
Package pdftex.def Info: Abbildungen/Screenshot_Verweise.pdf used on input line
 11.
(pdftex.def)             Requested size: 341.43307pt x 129.71492pt.

<Abbildungen/Entwurfsmuster.pdf, id=476, 842.14626pt x 287.0725pt>
File: Abbildungen/Entwurfsmuster.pdf Graphic file (type pdf)

<use Abbildungen/Entwurfsmuster.pdf>
Package pdftex.def Info: Abbildungen/Entwurfsmuster.pdf used on input line 23.
(pdftex.def)             Requested size: 409.71692pt x 139.66803pt.


LaTeX Warning: `!h' float specifier changed to `!ht'.


Underfull \hbox (badness 10000) in paragraph at lines 28--30

 []

[35 <./Abbildungen/Screenshot_Verweise.pdf>]
Underfull \hbox (badness 10000) in paragraph at lines 35--37

 []


Underfull \hbox (badness 10000) in paragraph at lines 38--41

 []


Underfull \hbox (badness 10000) in paragraph at lines 42--44

 []

[36 <./Abbildungen/Entwurfsmuster.pdf>]
Underfull \hbox (badness 10000) in paragraph at lines 47--51

 []


Underfull \hbox (badness 10000) in paragraph at lines 54--58

 []

[37]
Underfull \hbox (badness 10000) in paragraph at lines 64--68

 []

[38]) [39] (Inhalte/8_Fazit/Fazit.tex
Underfull \hbox (badness 10000) in paragraph at lines 4--8

 []


Underfull \hbox (badness 10000) in paragraph at lines 9--12

 []


Underfull \hbox (badness 10000) in paragraph at lines 9--12

 []

) [40] [41] (Inhalte/9_Anhang/Anhang.tex
<Abbildungen/Exchange_Verbindungen.png, id=503, 461.47406pt x 643.6547pt>
File: Abbildungen/Exchange_Verbindungen.png Graphic file (type png)

<use Abbildungen/Exchange_Verbindungen.png>
Package pdftex.def Info: Abbildungen/Exchange_Verbindungen.png used on input li
ne 10.
(pdftex.def)             Requested size: 318.66948pt x 444.47578pt.
 [42 <./Abbildungen/Exchange_Verbindungen.png>] <Abbildungen/API_Geschichte2.pd
f, id=509, 614.295pt x 794.97pt>
File: Abbildungen/API_Geschichte2.pdf Graphic file (type pdf)

<use Abbildungen/API_Geschichte2.pdf>
Package pdftex.def Info: Abbildungen/API_Geschichte2.pdf used on input line 24.

(pdftex.def)             Requested size: 455.24411pt x 589.14197pt.
 [43 <./Abbildungen/API_Geschichte2.pdf>]
<Abbildungen/Freshdesk.pdf, id=519, 845.0471pt x 597.51233pt>
File: Abbildungen/Freshdesk.pdf Graphic file (type pdf)

<use Abbildungen/Freshdesk.pdf>
Package pdftex.def Info: Abbildungen/Freshdesk.pdf used on input line 38.
(pdftex.def)             Requested size: 386.96027pt x 273.60994pt.

<Abbildungen/Deskcom.pdf, id=520, 845.0471pt x 597.51233pt>
File: Abbildungen/Deskcom.pdf Graphic file (type pdf)

<use Abbildungen/Deskcom.pdf>
Package pdftex.def Info: Abbildungen/Deskcom.pdf used on input line 47.
(pdftex.def)             Requested size: 386.96027pt x 273.60994pt.
 [44 <./Abbildungen/Freshdesk.pdf> <./Abbildungen/Deskcom.pdf>] <Abbildungen/Ze
ndesk.pdf, id=530, 845.0471pt x 597.51233pt>
File: Abbildungen/Zendesk.pdf Graphic file (type pdf)

<use Abbildungen/Zendesk.pdf>
Package pdftex.def Info: Abbildungen/Zendesk.pdf used on input line 62.
(pdftex.def)             Requested size: 386.96027pt x 273.60994pt.

<Abbildungen/SysAid.pdf, id=531, 845.0471pt x 597.51233pt>
File: Abbildungen/SysAid.pdf Graphic file (type pdf)

<use Abbildungen/SysAid.pdf>
Package pdftex.def Info: Abbildungen/SysAid.pdf used on input line 69.
(pdftex.def)             Requested size: 386.96027pt x 273.60994pt.
 [45 <./Abbildungen/Zendesk.pdf> <./Abbildungen/SysAid.pdf>] <Abbildungen/Codea
usschnitt.png, id=542, 624.08156pt x 455.45157pt>
File: Abbildungen/Codeausschnitt.png Graphic file (type png)

<use Abbildungen/Codeausschnitt.png>
Package pdftex.def Info: Abbildungen/Codeausschnitt.png used on input line 86.
(pdftex.def)             Requested size: 409.71692pt x 299.01445pt.
) [46 <./Abbildungen/Codeausschnitt.png>]
(Bachelorarbeit_Paul_Zilewitsch.bbl
Underfull \hbox (badness 10000) in paragraph at lines 75--82
[]\T1/ptm/m/n/12 Ricardo Bil-ton.  10 po-wer-ful, cloud-based help-desk ser-vic
es to
 []


Underfull \hbox (badness 10000) in paragraph at lines 75--82
\T1/ptm/m/n/12 help you win at cu-sto-mer ser-vice.  $http : / / venturebeat . 
com / 2014 / 01 / 22 /$
 []


Underfull \hbox (badness 5403) in paragraph at lines 75--82
$\T1/ptm/m/n/12 help-[]desk-[]software-[]heres-[]some-[]of-[]the-[]best-[]and-[
]most-[]interesting/$, 22.01.2014.  ab-
 []


Underfull \hbox (badness 2277) in paragraph at lines 92--98
[]\T1/ptm/m/n/12 Oliver Has-lam.  The best help desk soft-wa-re of 2016.  $http
 : / / uk . pcmag . com /$
 []

[47]
Underfull \hbox (badness 1122) in paragraph at lines 105--109
[]\T1/ptm/m/n/12 Salesforce.  $http : / / www . salesforce . com / de / company
 / newspress / press-[]releases / 2012 / 02 /$
 []


Underfull \hbox (badness 2005) in paragraph at lines 163--166
[]\T1/ptm/m/n/12 Frank Ca-ri-us.  $http : / / www . msxfaq . de / clients / oag
rundlagen . htm$, .  ab-ge-ru-fen am:
 []

[48]
Underfull \hbox (badness 1661) in paragraph at lines 243--247
[]\T1/ptm/m/n/12 Microsoft.  try-catch (c-sharp-referenz).  $https : / / msdn .
 microsoft . com / de-[]de / library /$
 []

) [49] (Bachelorarbeit_Paul_Zilewitsch.aux)

LaTeX Warning: There were undefined references.

 ) 
Here is how much of TeX's memory you used:
 13368 strings out of 493634
 197361 string characters out of 3147820
 367890 words of memory out of 3000000
 16411 multiletter control sequences out of 15000+200000
 71568 words of font info for 117 fonts, out of 3000000 for 9000
 1025 hyphenation exceptions out of 8191
 57i,18n,51p,1697b,477s stack positions out of 5000i,500n,10000p,200000b,50000s
{F:/Texmaker/mitex/fonts/enc/dvips/fontname/8r.enc}<F:/Texmaker/mitex/fonts/t
ype1/public/amsfonts/symbols/msam10.pfb><F:/Texmaker/mitex/fonts/type1/urw/time
s/utmb8a.pfb><F:/Texmaker/mitex/fonts/type1/urw/times/utmr8a.pfb><F:/Texmaker/m
itex/fonts/type1/urw/times/utmri8a.pfb>
Output written on Bachelorarbeit_Paul_Zilewitsch.pdf (56 pages, 3452754 bytes).

PDF statistics:
 574 PDF objects out of 1000 (max. 8388607)
 0 named destinations out of 1000 (max. 500000)
 96 words of extra memory for PDF output out of 10000 (max. 10000000)

